<?xml version="1.0" encoding="UTF-8"?>
<!-- Generated by org.testng.reporters.JUnitReportReporter -->
<testsuite hostname="USER-NLAJHJET3N" name="cases.SearchTest" tests="1" failures="0" timestamp="11 Dec 2017 07:11:31 GMT" time="16.922" errors="0">
  <testcase name="searchTestCase" time="16.922" classname="cases.SearchTest"/>
</testsuite> <!-- cases.SearchTest -->
