<?xml version="1.0" encoding="UTF-8"?>
<!-- Generated by org.testng.reporters.JUnitReportReporter -->
<testsuite hostname="USER-NLAJHJET3N" name="cases.LoginTests" tests="1" failures="0" timestamp="13 Nov 2017 01:48:54 GMT" time="17.672" errors="0">
  <testcase name="loginTestCase" time="17.672" classname="cases.LoginTests"/>
</testsuite> <!-- cases.LoginTests -->
